[2025-07-09 11:53:31] User Registered: user_id=19, email=giqyx@mailinator.com
[2025-07-09 11:58:48] User Registered: user_id=20, email=qesipo@mailinator.com
[2025-07-09 13:15:06] User Logged In: user_id=1, email=admin@gmail.com
[2025-07-09 13:21:43] User Logged In: user_id=1, email=admin@gmail.com
[2025-07-09 13:39:36] User Logged In: user_id=1, email=admin@gmail.com
[2025-07-09 13:53:34] User Registered: user_id=21, email=susepehe@mailinator.com
[2025-07-09 13:53:50] User Logged In: user_id=1, email=admin@gmail.com
[2025-07-09 14:37:27] User Registered: user_id=22, email=votobyqifu@mailinator.com
[2025-07-09 14:37:57] User Logged In: user_id=1, email=admin@gmail.com
[2025-07-09 14:39:42] User Registered: user_id=23, email=xine@mailinator.com
[2025-07-09 17:14:34] User Registered: user_id=41, email=sizopojud@mailinator.com
[2025-07-09 17:15:16] User Logged In: user_id=1, email=admin@gmail.com
[2025-07-09 17:50:00] User Registered: user_id=42, email=wuzysad@mailinator.com
[2025-07-09 17:50:16] User Logged In: user_id=1, email=admin@gmail.com
[2025-07-09 17:55:02] User Registered: user_id=43, email=qowufosicu@mailinator.com
[2025-07-09 18:12:37] User Logged In: user_id=1, email=admin@gmail.com
[2025-07-09 18:19:16] User Registered: user_id=44, email=cabaki@mailinator.com
[2025-07-09 18:19:26] User Logged In: user_id=1, email=admin@gmail.com
[2025-07-09 18:25:27] User Registered: user_id=45, email=kiloloda@mailinator.com
[2025-07-09 18:34:16] User Logged In: user_id=1, email=admin@gmail.com
[2025-07-09 20:10:31] User Registered: user_id=46, email=wyliz@mailinator.com
[2025-07-09 20:10:47] User Logged In: user_id=1, email=admin@gmail.com
[2025-07-09 21:44:21] User Registered: user_id=47, email=huxocum@mailinator.com
[2025-07-09 21:48:56] User Registered: user_id=48, email=suwozuri@mailinator.com
[2025-07-09 21:49:17] User Registered: user_id=49, email=zyfeni@mailinator.com
[2025-07-09 21:55:37] User Registered: user_id=50, email=xywoju@mailinator.com
[2025-07-09 23:57:07] User Logged In: user_id=1, email=admin@gmail.com
[2025-07-09 23:58:27] User Registered: user_id=51, email=bamabeca@mailinator.com
[2025-07-10 01:20:32] User Registered: user_id=61, email=gebufy@mailinator.com
[2025-07-10 01:26:52] User Logged In: user_id=1, email=admin@gmail.com
[2025-07-10 01:58:32] User Logged In: user_id=1, email=admin@gmail.com
[2025-07-10 02:15:40] User Registered: user_id=62, email=voriqagewy@mailinator.com
[2025-07-10 02:17:48] User Logged In: user_id=1, email=admin@gmail.com
[2025-07-10 02:22:19] User Registered: user_id=63, email=jinykej@mailinator.com
[2025-07-10 02:23:53] User Logged In: user_id=1, email=admin@gmail.com
[2025-07-10 02:41:43] User Registered: user_id=64, email=nejurihecu@mailinator.com
[2025-07-10 02:44:31] User Logged In: user_id=1, email=admin@gmail.com
[2025-07-10 02:49:33] User Registered: user_id=65, email=bikokuxe@mailinator.com
[2025-07-10 02:54:02] User Logged In: user_id=1, email=admin@gmail.com
[2025-07-10 03:01:39] User Registered: user_id=66, email=zewi@mailinator.com
[2025-07-10 03:02:58] User Logged In: user_id=1, email=admin@gmail.com
[2025-07-10 03:19:31] User Registered: user_id=67, email=rojuw@mailinator.com
[2025-07-10 03:19:55] User Logged In: user_id=1, email=admin@gmail.com
[2025-07-10 03:23:22] User Registered: user_id=68, email=fimanojy@mailinator.com
[2025-07-10 04:10:12] User Registered: user_id=69, email=minebybery@mailinator.com
[2025-07-10 04:10:30] User Logged In: user_id=1, email=admin@gmail.com
[2025-07-10 13:29:18] User Registered: user_id=70, email=semudiky@mailinator.com
[2025-07-10 19:21:49] User Logged In: user_id=1, email=admin@gmail.com
[2025-07-10 19:32:14] User Registered: user_id=71, email=vyvika@mailinator.com
[2025-07-10 19:35:59] User Logged In: user_id=1, email=admin@gmail.com
[2025-07-10 20:15:05] User Registered: user_id=72, email=tatedaw@mailinator.com
[2025-07-10 20:19:44] User Registered: user_id=73, email=nebujofix@mailinator.com
[2025-07-10 20:51:57] User Logged In: user_id=1, email=admin@gmail.com
[2025-07-10 20:52:09] User Registered: user_id=74, email=xaniped@mailinator.com
[2025-07-10 21:20:21] User Logged In: user_id=1, email=admin@gmail.com
[2025-07-11 13:54:35] User Logged In: user_id=1, email=admin@gmail.com
[2025-07-11 13:55:04] User Logged In: user_id=1, email=admin@gmail.com
[2025-07-11 14:04:18] User Registered: user_id=75, email=nule@mailinator.com
[2025-07-12 03:03:45] User Registered: user_id=76, email=cymuju@mailinator.com
[2025-07-12 03:51:39] User Logged In: user_id=1, email=admin@gmail.com
[2025-07-12 05:10:43] User Registered: user_id=77, email=vycamewep@mailinator.com
[2025-07-12 05:28:51] User Logged In: user_id=1, email=admin@gmail.com
[2025-07-12 07:09:04] User Logged In: user_id=1, email=admin@gmail.com
[2025-07-12 07:28:42] User Logged In: user_id=1, email=admin@gmail.com
[2025-07-12 07:37:24] User Logged In: user_id=1, email=admin@gmail.com
[2025-07-12 07:37:34] User Registered: user_id=81, email=hutakuduna@mailinator.com
[2025-07-12 07:48:41] User Logged In: user_id=1, email=admin@gmail.com
[2025-07-12 08:07:30] User Logged In: user_id=1, email=admin@gmail.com
[2025-07-12 08:31:04] User Registered: user_id=82, email=lilepac@mailinator.com
[2025-07-13 13:34:56] User Logged In: user_id=1, email=admin@gmail.com
[2025-07-13 14:25:38] User Logged In: user_id=1, email=admin@gmail.com
[2025-07-13 15:00:00] User Registered: user_id=100, email=newuser@example.com
[2025-07-13 15:01:00] User Logged In: user_id=100, email=newuser@example.com
[2025-07-13 15:08:23] User Registered: user_id=101, email=sarelusu@mailinator.com
[2025-07-13 15:08:23] User Registered: user_id=101, email=sarelusu@mailinator.com
